<?xml version="1.0" encoding="UTF-8"?>
<!-- Generated by org.testng.reporters.JUnitXMLReporter -->
<testsuite hostname="Dhruba" ignored="0" name="Validating user login " tests="3" failures="0" timestamp="25 Sep 2019 14:08:26 GMT" time="25.088" errors="0">
  <testcase name="validateLogin" time="13.994" classname="academyTest.HomePageTest"/>
  <testcase name="validateLogin" time="4.298" classname="academyTest.HomePageTest"/>
  <testcase name="validateLogin" time="4.401" classname="academyTest.HomePageTest"/>
</testsuite> <!-- Validating user login  -->
