<?xml version="1.0" encoding="UTF-8"?>
<testng-results skipped="0" failed="0" ignored="0" total="5" passed="5">
  <reporter-output>
  </reporter-output>
  <suite name="Suite" duration-ms="55431" started-at="2019-09-25T14:07:30Z" finished-at="2019-09-25T14:08:25Z">
    <groups>
    </groups>
    <test name="Validating Navigation Bar" duration-ms="15364" started-at="2019-09-25T14:07:30Z" finished-at="2019-09-25T14:07:45Z">
      <class name="academyTest.ValidateNavigationBar">
        <test-method status="PASS" signature="initialize()[pri:0, instance:academyTest.ValidateNavigationBar@7a69b07]" name="initialize" is-config="true" duration-ms="13115" started-at="2019-09-25T14:07:30Z" finished-at="2019-09-25T14:07:43Z">
          <reporter-output>
          </reporter-output>
        </test-method> <!-- initialize -->
        <test-method status="PASS" signature="validateAppNavigationBar()[pri:0, instance:academyTest.ValidateNavigationBar@7a69b07]" name="validateAppNavigationBar" duration-ms="68" started-at="2019-09-25T14:07:43Z" finished-at="2019-09-25T14:07:43Z">
          <reporter-output>
          </reporter-output>
        </test-method> <!-- validateAppNavigationBar -->
        <test-method status="PASS" signature="teardown()[pri:0, instance:academyTest.ValidateNavigationBar@7a69b07]" name="teardown" is-config="true" duration-ms="2150" started-at="2019-09-25T14:07:43Z" finished-at="2019-09-25T14:07:45Z">
          <reporter-output>
          </reporter-output>
        </test-method> <!-- teardown -->
      </class> <!-- academyTest.ValidateNavigationBar -->
    </test> <!-- Validating Navigation Bar -->
    <test name="Test" duration-ms="1" started-at="2019-09-25T14:07:46Z" finished-at="2019-09-25T14:07:46Z">
    </test> <!-- Test -->
    <test name="Validating Title of Test" duration-ms="14782" started-at="2019-09-25T14:07:46Z" finished-at="2019-09-25T14:08:00Z">
      <class name="academyTest.ValidateTitleTest">
        <test-method status="PASS" signature="initialize()[pri:0, instance:academyTest.ValidateTitleTest@1ea9f6af]" name="initialize" is-config="true" duration-ms="12614" started-at="2019-09-25T14:07:46Z" finished-at="2019-09-25T14:07:58Z">
          <reporter-output>
          </reporter-output>
        </test-method> <!-- initialize -->
        <test-method status="PASS" signature="validateAppTitle()[pri:0, instance:academyTest.ValidateTitleTest@1ea9f6af]" name="validateAppTitle" duration-ms="75" started-at="2019-09-25T14:07:58Z" finished-at="2019-09-25T14:07:58Z">
          <reporter-output>
          </reporter-output>
        </test-method> <!-- validateAppTitle -->
        <test-method status="PASS" signature="teardown()[pri:0, instance:academyTest.ValidateTitleTest@1ea9f6af]" name="teardown" is-config="true" duration-ms="2090" started-at="2019-09-25T14:07:58Z" finished-at="2019-09-25T14:08:00Z">
          <reporter-output>
          </reporter-output>
        </test-method> <!-- teardown -->
      </class> <!-- academyTest.ValidateTitleTest -->
    </test> <!-- Validating Title of Test -->
    <test name="Validating user login " duration-ms="25088" started-at="2019-09-25T14:08:00Z" finished-at="2019-09-25T14:08:25Z">
      <class name="academyTest.HomePageTest">
        <test-method status="PASS" signature="initialize()[pri:0, instance:academyTest.HomePageTest@56620197]" name="initialize" is-config="true" duration-ms="2274" started-at="2019-09-25T14:08:00Z" finished-at="2019-09-25T14:08:03Z">
          <reporter-output>
          </reporter-output>
        </test-method> <!-- initialize -->
        <test-method status="PASS" signature="validateLogin(java.lang.String, java.lang.String, java.lang.String)[pri:0, instance:academyTest.HomePageTest@56620197]" name="validateLogin" duration-ms="13994" started-at="2019-09-25T14:08:03Z" data-provider="getData" finished-at="2019-09-25T14:08:17Z">
          <params>
            <param index="0">
              <value>
                <![CDATA[nonrestircteduser@qw.com]]>
              </value>
            </param>
            <param index="1">
              <value>
                <![CDATA[123456]]>
              </value>
            </param>
            <param index="2">
              <value>
                <![CDATA[Non-Restricted User]]>
              </value>
            </param>
          </params>
          <reporter-output>
          </reporter-output>
        </test-method> <!-- validateLogin -->
        <test-method status="PASS" signature="validateLogin(java.lang.String, java.lang.String, java.lang.String)[pri:0, instance:academyTest.HomePageTest@56620197]" name="validateLogin" duration-ms="4298" started-at="2019-09-25T14:08:17Z" data-provider="getData" finished-at="2019-09-25T14:08:21Z">
          <params>
            <param index="0">
              <value>
                <![CDATA[Restircteduser@qw.com]]>
              </value>
            </param>
            <param index="1">
              <value>
                <![CDATA[654321]]>
              </value>
            </param>
            <param index="2">
              <value>
                <![CDATA[Restricted User]]>
              </value>
            </param>
          </params>
          <reporter-output>
          </reporter-output>
        </test-method> <!-- validateLogin -->
        <test-method status="PASS" signature="validateLogin(java.lang.String, java.lang.String, java.lang.String)[pri:0, instance:academyTest.HomePageTest@56620197]" name="validateLogin" duration-ms="4401" started-at="2019-09-25T14:08:21Z" data-provider="getData" finished-at="2019-09-25T14:08:25Z">
          <params>
            <param index="0">
              <value>
                <![CDATA[universaluser@qw.com]]>
              </value>
            </param>
            <param index="1">
              <value>
                <![CDATA[987654]]>
              </value>
            </param>
            <param index="2">
              <value>
                <![CDATA[Universal User]]>
              </value>
            </param>
          </params>
          <reporter-output>
          </reporter-output>
        </test-method> <!-- validateLogin -->
        <test-method status="PASS" signature="teardown()[pri:0, instance:academyTest.HomePageTest@56620197]" name="teardown" is-config="true" duration-ms="116" started-at="2019-09-25T14:08:25Z" finished-at="2019-09-25T14:08:25Z">
          <reporter-output>
          </reporter-output>
        </test-method> <!-- teardown -->
      </class> <!-- academyTest.HomePageTest -->
    </test> <!-- Validating user login  -->
  </suite> <!-- Suite -->
</testng-results>
